c:\users\waxxe\repos\laradip\ospanel\modules\database\MySQL-8.0-Win10\bin\mysqld.exe, Version: 8.0.30 (MySQL Community Server - GPL). started with:
TCP Port: 3306, Named Pipe: MySQL
Time                 Id Command    Argument
2024-02-16T15:14:30.024302Z	    0 Execute	CREATE TABLE performance_schema.innodb_redo_log_files(
`FILE_ID` BIGINT NOT NULL COMMENT 'Id of the file.',
`FILE_NAME` VARCHAR(2000) NOT NULL COMMENT 'Path to the file.',
`START_LSN` BIGINT NOT NULL COMMENT 'LSN of the first block in the file.',
`END_LSN` BIGINT NOT NULL COMMENT 'LSN after the last block in the file.',
`SIZE_IN_BYTES` BIGINT NOT NULL COMMENT 'Size of the file (in bytes).',
`IS_FULL` TINYINT NOT NULL COMMENT '1 iff file has no free space inside.',
`CONSUMER_LEVEL` INT NOT NULL COMMENT 'All redo log consumers registered on smaller levels than this value, have already consumed this file.'
)engine = 'performance_schema'
2024-02-16T15:15:43.276947Z	    8 Connect	root@localhost on laravel using TCP/IP
2024-02-16T15:15:43.277754Z	    8 Query	use `laravel`
2024-02-16T15:15:43.278086Z	    8 Prepare	set names 'utf8mb4' collate 'utf8mb4_unicode_ci'
2024-02-16T15:15:43.278148Z	    8 Execute	set names 'utf8mb4' collate 'utf8mb4_unicode_ci'
2024-02-16T15:15:43.278275Z	    8 Close stmt	
2024-02-16T15:15:43.278391Z	    8 Prepare	set session sql_mode='ONLY_FULL_GROUP_BY,STRICT_TRANS_TABLES,NO_ZERO_IN_DATE,NO_ZERO_DATE,ERROR_FOR_DIVISION_BY_ZERO,NO_ENGINE_SUBSTITUTION'
2024-02-16T15:15:43.278458Z	    8 Execute	set session sql_mode='ONLY_FULL_GROUP_BY,STRICT_TRANS_TABLES,NO_ZERO_IN_DATE,NO_ZERO_DATE,ERROR_FOR_DIVISION_BY_ZERO,NO_ENGINE_SUBSTITUTION'
2024-02-16T15:15:43.278651Z	    8 Close stmt	
2024-02-16T15:15:43.282288Z	    8 Prepare	select * from `sessions` where `id` = ? limit 1
2024-02-16T15:15:43.282730Z	    8 Execute	select * from `sessions` where `id` = 'GxJFbz8lrVJFgrM6QWp2Tc6AnirA76GJdFHb50Eu' limit 1
2024-02-16T15:15:43.284096Z	    8 Close stmt	
2024-02-16T15:15:43.315567Z	    8 Prepare	select * from `users` where `id` = ? limit 1
2024-02-16T15:15:43.315870Z	    8 Prepare	select * from `users` where `id` = ? limit 1
2024-02-16T15:15:43.315907Z	    8 Execute	select * from `users` where `id` = 2 limit 1
2024-02-16T15:15:43.317292Z	    8 Close stmt	
2024-02-16T15:15:43.326078Z	    8 Prepare	update `sessions` set `payload` = ?, `last_activity` = ?, `user_id` = ?, `ip_address` = ?, `user_agent` = ? where `id` = ?
2024-02-16T15:15:43.326217Z	    8 Prepare	update `sessions` set `payload` = ?, `last_activity` = ?, `user_id` = ?, `ip_address` = ?, `user_agent` = ? where `id` = ?
2024-02-16T15:15:43.326235Z	    8 Execute	update `sessions` set `payload` = 'YTo1OntzOjY6Il90b2tlbiI7czo0MDoiUzE1MGtkdUFvR3hzaVFBc2JzN3JnRUpUMzY2SXRnVVZaUFltbEMyeCI7czo2OiJfZmxhc2giO2E6Mjp7czozOiJvbGQiO2E6MDp7fXM6MzoibmV3IjthOjA6e319czo5OiJfcHJldmlvdXMiO2E6MTp7czozOiJ1cmwiO3M6MTQ6Imh0dHA6Ly9sYXJhdmVsIjt9czo1MDoibG9naW5fd2ViXzU5YmEzNmFkZGMyYjJmOTQwMTU4MGYwMTRjN2Y1OGVhNGUzMDk4OWQiO2k6MjtzOjIxOiJwYXNzd29yZF9oYXNoX3NhbmN0dW0iO3M6NjA6IiQyeSQxMiRJbXo5YkpmNndvLnU5b21SSTFLZ2ZPcE1pcFJZT21NOUF2UmJFUE52WC9aTXBEeG05Z2QxbSI7fQ==', `last_activity` = 1708096543, `user_id` = 2, `ip_address` = '127.0.0.1', `user_agent` = 'Mozilla/5.0 (Windows NT 10.0; Win64; x64) AppleWebKit/537.36 (KHTML, like Gecko) Chrome/120.0.0.0 YaBrowser/24.1.0.0 Safari/537.36' where `id` = 'GxJFbz8lrVJFgrM6QWp2Tc6AnirA76GJdFHb50Eu'
2024-02-16T15:15:43.327087Z	    8 Close stmt	
2024-02-16T15:15:43.328251Z	    8 Quit	
2024-02-16T15:15:52.817936Z	    9 Connect	root@localhost on laravel using TCP/IP
2024-02-16T15:15:52.818277Z	    9 Query	use `laravel`
2024-02-16T15:15:52.818576Z	    9 Prepare	set names 'utf8mb4' collate 'utf8mb4_unicode_ci'
2024-02-16T15:15:52.818641Z	    9 Execute	set names 'utf8mb4' collate 'utf8mb4_unicode_ci'
2024-02-16T15:15:52.818814Z	    9 Close stmt	
2024-02-16T15:15:52.818915Z	    9 Prepare	set session sql_mode='ONLY_FULL_GROUP_BY,STRICT_TRANS_TABLES,NO_ZERO_IN_DATE,NO_ZERO_DATE,ERROR_FOR_DIVISION_BY_ZERO,NO_ENGINE_SUBSTITUTION'
2024-02-16T15:15:52.818987Z	    9 Execute	set session sql_mode='ONLY_FULL_GROUP_BY,STRICT_TRANS_TABLES,NO_ZERO_IN_DATE,NO_ZERO_DATE,ERROR_FOR_DIVISION_BY_ZERO,NO_ENGINE_SUBSTITUTION'
2024-02-16T15:15:52.819138Z	    9 Close stmt	
2024-02-16T15:15:52.819340Z	    9 Prepare	select * from `sessions` where `id` = ? limit 1
2024-02-16T15:15:52.819611Z	    9 Execute	select * from `sessions` where `id` = 'GxJFbz8lrVJFgrM6QWp2Tc6AnirA76GJdFHb50Eu' limit 1
2024-02-16T15:15:52.819824Z	    9 Close stmt	
2024-02-16T15:15:52.844473Z	    9 Prepare	select * from `users` where `id` = ? limit 1
2024-02-16T15:15:52.844641Z	    9 Prepare	select * from `users` where `id` = ? limit 1
2024-02-16T15:15:52.844667Z	    9 Execute	select * from `users` where `id` = 2 limit 1
2024-02-16T15:15:52.844963Z	    9 Close stmt	
2024-02-16T15:15:52.852244Z	    9 Prepare	update `sessions` set `payload` = ?, `last_activity` = ?, `user_id` = ?, `ip_address` = ?, `user_agent` = ? where `id` = ?
2024-02-16T15:15:52.852364Z	    9 Prepare	update `sessions` set `payload` = ?, `last_activity` = ?, `user_id` = ?, `ip_address` = ?, `user_agent` = ? where `id` = ?
2024-02-16T15:15:52.852382Z	    9 Execute	update `sessions` set `payload` = 'YTo1OntzOjY6Il90b2tlbiI7czo0MDoiUzE1MGtkdUFvR3hzaVFBc2JzN3JnRUpUMzY2SXRnVVZaUFltbEMyeCI7czo2OiJfZmxhc2giO2E6Mjp7czozOiJvbGQiO2E6MDp7fXM6MzoibmV3IjthOjA6e319czo5OiJfcHJldmlvdXMiO2E6MTp7czozOiJ1cmwiO3M6MTQ6Imh0dHA6Ly9sYXJhdmVsIjt9czo1MDoibG9naW5fd2ViXzU5YmEzNmFkZGMyYjJmOTQwMTU4MGYwMTRjN2Y1OGVhNGUzMDk4OWQiO2k6MjtzOjIxOiJwYXNzd29yZF9oYXNoX3NhbmN0dW0iO3M6NjA6IiQyeSQxMiRJbXo5YkpmNndvLnU5b21SSTFLZ2ZPcE1pcFJZT21NOUF2UmJFUE52WC9aTXBEeG05Z2QxbSI7fQ==', `last_activity` = 1708096552, `user_id` = 2, `ip_address` = '127.0.0.1', `user_agent` = 'Mozilla/5.0 (Windows NT 10.0; Win64; x64) AppleWebKit/537.36 (KHTML, like Gecko) Chrome/120.0.0.0 YaBrowser/24.1.0.0 Safari/537.36' where `id` = 'GxJFbz8lrVJFgrM6QWp2Tc6AnirA76GJdFHb50Eu'
2024-02-16T15:15:52.853315Z	    9 Close stmt	
2024-02-16T15:15:52.854759Z	    9 Quit	
